<?xml version="1.0" encoding="UTF-8"?>
<!-- Generated by org.testng.reporters.JUnitReportReporter -->
<testsuite hostname="AdminClientes-MacBook-Pro.local" failures="0" tests="1" name="com.webdriver.app.FirstTest" time="3.008" errors="0" timestamp="2024-06-17T15:25:49 COT" skipped="0">
  <testcase classname="com.webdriver.app.FirstTest" name="executingNewPage" time="3.008"/>
</testsuite> <!-- com.webdriver.app.FirstTest -->
